<?xml version="1.0" encoding="UTF-8"?>
<testng-results skipped="0" failed="0" ignored="0" total="1" passed="1">
  <reporter-output>
  </reporter-output>
  <suite name="Suite" duration-ms="10823" started-at="2018-05-22T05:43:54Z" finished-at="2018-05-22T05:44:04Z">
    <groups>
    </groups>
    <test name="Test" duration-ms="10823" started-at="2018-05-22T05:43:54Z" finished-at="2018-05-22T05:44:04Z">
      <class name="pavan.test">
        <test-method status="PASS" signature="login()[pri:0, instance:pavan.test@7b69c6ba]" name="login" duration-ms="10776" started-at="2018-05-22T05:43:54Z" finished-at="2018-05-22T05:44:04Z">
          <reporter-output>
          </reporter-output>
        </test-method> <!-- login -->
      </class> <!-- pavan.test -->
    </test> <!-- Test -->
  </suite> <!-- Suite -->
</testng-results>
